[Licensing::Module] Trying to connect to existing licensing client channel...
Built from '6000.3/staging' branch; Version is '6000.3.2f1 (a9779f353c9b) revision 11106207'; Using compiler version '194234433'; Build Type 'Release'
[Licensing::IpcConnector] Successfully connected to: "LicenseClient-User" at "2026-01-11T13:38:40.0679017Z"
OS: 'Windows 10  (10.0.19045) 64bit Professional' Language: 'en' Physical Memory: 16265 MB
BatchMode: 1, IsHumanControllingUs: 0, StartBugReporterOnCrash: 0, Is64bit: 1
Date: 2026-01-11T13:38:40Z

COMMAND LINE ARGUMENTS:
C:\Program Files\Unity\Hub\Editor\6000.3.2f1\Editor\Unity.exe
-adb2
-batchMode
-noUpm
-name
AssetImportWorker2
-projectPath
D:/Unity_Projects/Junior_Programming/Icederman/Prototype 4
-logFile
Logs/AssetImportWorker2.log
-srvPort
54011
-licensingIpc
LicenseClient-User
-force-d3d11
-job-worker-count
7
-background-job-worker-count
8
-gc-helper-count
1
-name
AssetImport
Successfully changed project path to: D:/Unity_Projects/Junior_Programming/Icederman/Prototype 4
D:/Unity_Projects/Junior_Programming/Icederman/Prototype 4
[UnityMemory] Configuration Parameters - Can be set up in boot.config
    "memorysetup-temp-allocator-size-nav-mesh-worker=65536"
    "memorysetup-temp-allocator-size-audio-worker=65536"
    "memorysetup-temp-allocator-size-gfx=262144"
    "memorysetup-allocator-temp-initial-block-size-main=262144"
    "memorysetup-allocator-temp-initial-block-size-worker=262144"
    "memorysetup-temp-allocator-size-background-worker=32768"
    "memorysetup-temp-allocator-size-job-worker=262144"
    "memorysetup-temp-allocator-size-preload-manager=33554432"
    "memorysetup-temp-allocator-size-gi-baking-worker=262144"
    "memorysetup-temp-allocator-size-gi-baking-worker=262144"
    "memorysetup-temp-allocator-size-gi-baking-worker=262144"
    "memorysetup-temp-allocator-size-gi-baking-worker=262144"
    "memorysetup-temp-allocator-size-gi-baking-worker=262144"
    "memorysetup-bucket-allocator-granularity=16"
    "memorysetup-bucket-allocator-bucket-count=8"
    "memorysetup-bucket-allocator-block-size=33554432"
    "memorysetup-bucket-allocator-block-count=8"
    "memorysetup-main-allocator-block-size=16777216"
    "memorysetup-thread-allocator-block-size=16777216"
    "memorysetup-gfx-main-allocator-block-size=16777216"
    "memorysetup-gfx-thread-allocator-block-size=16777216"
    "memorysetup-cache-allocator-block-size=4194304"
    "memorysetup-typetree-allocator-block-size=2097152"
    "memorysetup-profiler-bucket-allocator-granularity=16"
    "memorysetup-profiler-bucket-allocator-bucket-count=8"
    "memorysetup-profiler-bucket-allocator-block-size=33554432"
    "memorysetup-profiler-bucket-allocator-block-count=8"
    "memorysetup-profiler-allocator-block-size=16777216"
    "memorysetup-profiler-editor-allocator-block-size=1048576"
    "memorysetup-temp-allocator-size-main=16777216"
    "memorysetup-job-temp-allocator-block-size=2097152"
    "memorysetup-job-temp-allocator-block-size-background=1048576"
    "memorysetup-job-temp-allocator-reduction-small-platforms=262144"
    "memorysetup-temp-allocator-size-cloud-worker=32768"
Player connection [21004]  Target information:

Player connection [21004]  * "[IP] 26.214.248.202 [Port] 0 [Flags] 2 [Guid] 4015188707 [EditorId] 4015188707 [Version] 1048832 [Id] WindowsEditor(7,DESKTOP-5903S8A) [Debug] 1 [PackageName] WindowsEditor [ProjectName] Editor" 

Player connection [21004]  * "[IP] 192.168.0.111 [Port] 0 [Flags] 2 [Guid] 4015188707 [EditorId] 4015188707 [Version] 1048832 [Id] WindowsEditor(7,DESKTOP-5903S8A) [Debug] 1 [PackageName] WindowsEditor [ProjectName] Editor" 

Player connection [21004] Host joined multi-casting on [225.0.0.222:54997]...
Player connection [21004] Host joined alternative multi-casting on [225.0.0.222:34997]...
JobSystem: Creating JobQueue using job-worker-count value 7
Input System module state changed to: Initialized.
[Physics::Module] Initialized fallback backend.
[Physics::Module] Id: 0xdecafbad
Library Redirect Path: Library/
[Physics::Module] Selected backend.
[Physics::Module] Name: PhysX
[Physics::Module] Id: 0xf2b8ea05
[Physics::Module] SDK Version: 4.1.2
[Physics::Module] Integration Version: 1.0.0
[Physics::Module] Threading Mode: Multi-Threaded
Refreshing native plugins compatible for Editor in 1.94 ms, found 3 plugins.
Preloading 0 native plugins for Editor in 0.00 ms.
Initialize engine version: 6000.3.2f1 (a9779f353c9b)
[Subsystems] Discovering subsystems at path C:/Program Files/Unity/Hub/Editor/6000.3.2f1/Editor/Data/Resources/UnitySubsystems
[Subsystems] Discovering subsystems at path D:/Unity_Projects/Junior_Programming/Icederman/Prototype 4/Assets
Forcing GfxDevice: Direct3D 11
GfxDevice: creating device client; kGfxThreadingModeNonThreaded
Direct3D:
    Version:  Direct3D 11.0 [level 11.1]
    Renderer: NVIDIA GeForce RTX 4070 (ID=0x2786)
    Vendor:   NVIDIA
    VRAM:     12012 MB
    Driver:   32.0.15.9144
Initialize mono
Mono path[0] = 'C:/Program Files/Unity/Hub/Editor/6000.3.2f1/Editor/Data/Managed'
Mono path[1] = 'C:/Program Files/Unity/Hub/Editor/6000.3.2f1/Editor/Data/MonoBleedingEdge/lib/mono/unityjit-win32'
Mono config path = 'C:/Program Files/Unity/Hub/Editor/6000.3.2f1/Editor/Data/MonoBleedingEdge/etc'
Using monoOptions --debugger-agent=transport=dt_socket,embedding=1,server=y,suspend=n,address=127.0.0.1:56796
Begin MonoManager ReloadAssembly
Registering precompiled unity dll's ...
Register platform support module: C:/Program Files/Unity/Hub/Editor/6000.3.2f1/Editor/Data/PlaybackEngines/WebGLSupport/UnityEditor.WebGL.Extensions.dll
Register platform support module: C:/Program Files/Unity/Hub/Editor/6000.3.2f1/Editor/Data/PlaybackEngines/WindowsStandaloneSupport/UnityEditor.WindowsStandalone.Extensions.dll
Registered in 0.001931 seconds.
[Licensing::Client] Handshaking with LicensingClient:
  Version:                 1.17.4+4293ba1
  Session Id:              6d939e600c434bba9853967609844846
  Correlation Id:          309279cc4e2f2bcb27dd5f48d5821e86
  External correlation Id: 5677114294384158232
  Machine Id:              2AJcMo1LzrzMsosSasXteuhVFkA=
[Licensing::Module] Successfully connected to LicensingClient on channel: "LicenseClient-User" (connect: 0.00s, validation: 0.00s, handshake: 1.35s)
[Licensing::IpcConnector] Successfully connected to: "LicenseClient-User-notifications" at "2026-01-11T13:38:41.4194107Z"
[Licensing::Module] Licensing Background thread has ended after 1.35s
- Loaded All Assemblies, in  0.563 seconds
Native extension for WindowsStandalone target not found
Native extension for WebGL target not found
Mono: successfully reloaded assembly
- Finished resetting the current domain, in  0.496 seconds
Domain Reload Profiling: 1058ms
	BeginReloadAssembly (160ms)
		ExecutionOrderSort (0ms)
		DisableScriptedObjects (0ms)
		BackupInstance (0ms)
		ReleaseScriptingObjects (0ms)
		CreateAndSetChildDomain (1ms)
	RebuildCommonClasses (51ms)
	RebuildNativeTypeToScriptingClass (19ms)
	initialDomainReloadingComplete (60ms)
	LoadAllAssembliesAndSetupDomain (271ms)
		LoadAssemblies (159ms)
		RebuildTransferFunctionScriptingTraits (0ms)
		AnalyzeDomain (267ms)
			TypeCache.Refresh (265ms)
				TypeCache.ScanAssembly (231ms)
			BuildScriptInfoCaches (0ms)
			ResolveRequiredComponents (1ms)
	FinalizeReload (496ms)
		ReleaseScriptCaches (0ms)
		RebuildScriptCaches (0ms)
		SetupLoadedEditorAssemblies (448ms)
			LogAssemblyErrors (0ms)
			InitializePlatformSupportModulesInManaged (68ms)
			SetLoadedEditorAssemblies (4ms)
			BeforeProcessingInitializeOnLoad (106ms)
			ProcessInitializeOnLoadAttributes (185ms)
			ProcessInitializeOnLoadMethodAttributes (86ms)
			AfterProcessingInitializeOnLoad (0ms)
			EditorAssembliesLoaded (0ms)
		ExecutionOrderSort2 (0ms)
		AwakeInstancesAfterBackupRestoration (0ms)
========================================================================
Worker process is ready to serve import requests
Import Worker Mode flag is 0x00
Begin MonoManager ReloadAssembly
[Licensing::Client] Successfully resolved entitlement details
[Licensing::Module] License group:
  Id: 18967899365010-UnityPersXXXX
  Product: Unity Personal
  Type: Assigned
  Expiration: Unlimited
- Loaded All Assemblies, in  0.845 seconds
Refreshing native plugins compatible for Editor in 0.39 ms, found 3 plugins.
Native extension for WindowsStandalone target not found
Native extension for WebGL target not found
Package Manager log level set to [2]
[Package Manager] Failed to launch server process. Reason: Unity was launched with the -noUpm command-line argument
[Package Manager] Unable to send message (not connected to server process).
[Package Manager] Cannot connect to Unity Package Manager local server
Mono: successfully reloaded assembly
- Finished resetting the current domain, in  0.784 seconds
Domain Reload Profiling: 1628ms
	BeginReloadAssembly (210ms)
		ExecutionOrderSort (0ms)
		DisableScriptedObjects (6ms)
		BackupInstance (0ms)
		ReleaseScriptingObjects (0ms)
		CreateAndSetChildDomain (40ms)
	RebuildCommonClasses (41ms)
	RebuildNativeTypeToScriptingClass (13ms)
	initialDomainReloadingComplete (44ms)
	LoadAllAssembliesAndSetupDomain (535ms)
		LoadAssemblies (361ms)
		RebuildTransferFunctionScriptingTraits (0ms)
		AnalyzeDomain (287ms)
			TypeCache.Refresh (227ms)
				TypeCache.ScanAssembly (184ms)
			BuildScriptInfoCaches (44ms)
			ResolveRequiredComponents (14ms)
	FinalizeReload (785ms)
		ReleaseScriptCaches (0ms)
		RebuildScriptCaches (0ms)
		SetupLoadedEditorAssemblies (594ms)
			LogAssemblyErrors (0ms)
			InitializePlatformSupportModulesInManaged (2ms)
			SetLoadedEditorAssemblies (6ms)
			BeforeProcessingInitializeOnLoad (168ms)
			ProcessInitializeOnLoadAttributes (351ms)
			ProcessInitializeOnLoadMethodAttributes (64ms)
			AfterProcessingInitializeOnLoad (3ms)
			EditorAssembliesLoaded (0ms)
		ExecutionOrderSort2 (0ms)
		AwakeInstancesAfterBackupRestoration (6ms)
Launched and connected shader compiler UnityShaderCompiler.exe after 0.01 seconds
Refreshing native plugins compatible for Editor in 0.46 ms, found 3 plugins.
Preloading 0 native plugins for Editor in 0.00 ms.
Unloading 16 Unused Serialized files (Serialized files now loaded: 0)
Unloading 6182 unused Assets / (4.4 MB). Loaded Objects now: 6980.
Memory consumption went from 145.1 MB to 140.7 MB.
Total: 9.054600 ms (FindLiveObjects: 0.753500 ms CreateObjectMapping: 0.536800 ms MarkObjects: 5.793800 ms  DeleteObjects: 1.969600 ms)

========================================================================
Received Import Request.
  Time since last request: 155517.966778 seconds.
  path: Assets/Settings/PC_Renderer.asset
  artifactKey: Guid(f288ae1f4751b564a96ac7587541f7a2) Importer(2089858483,b0f066a214c2f5e87bad3c948f4d605d)
Start importing Assets/Settings/PC_Renderer.asset using Guid(f288ae1f4751b564a96ac7587541f7a2) Importer(2089858483,b0f066a214c2f5e87bad3c948f4d605d) (ScriptedImporter) -> (artifact id: 'c807295d87f98323eb7f1de72f0e81e3') in 0.1156101 seconds
Number of updated asset objects reloaded before import = 0Number of asset objects unloaded after import = 1

========================================================================
Received Import Request.
  Time since last request: 0.000013 seconds.
  path: Assets/Settings/SampleSceneProfile.asset
  artifactKey: Guid(10fc4df2da32a41aaa32d77bc913491c) Importer(2089858483,b0f066a214c2f5e87bad3c948f4d605d)
Start importing Assets/Settings/SampleSceneProfile.asset using Guid(10fc4df2da32a41aaa32d77bc913491c) Importer(2089858483,b0f066a214c2f5e87bad3c948f4d605d) (ScriptedImporter) -> (artifact id: 'f710dc13049e50d96aa64a2de9f21d6a') in 0.0035219 seconds
Number of updated asset objects reloaded before import = 0Number of asset objects unloaded after import = 1

========================================================================
Received Import Request.
  Time since last request: 0.000017 seconds.
  path: Assets/TutorialInfo/Scripts/Readme.cs
  artifactKey: Guid(fcf7219bab7fe46a1ad266029b2fee19) Importer(2089858483,b0f066a214c2f5e87bad3c948f4d605d)
Start importing Assets/TutorialInfo/Scripts/Readme.cs using Guid(fcf7219bab7fe46a1ad266029b2fee19) Importer(2089858483,b0f066a214c2f5e87bad3c948f4d605d) (ScriptedImporter) -> (artifact id: 'f125cc7504f7d83639c8aba6ed408a37') in 0.0098337 seconds
Number of updated asset objects reloaded before import = 0Number of asset objects unloaded after import = 0

========================================================================
Received Import Request.
  Time since last request: 0.000019 seconds.
  path: Assets/Settings/Mobile_RPAsset.asset
  artifactKey: Guid(5e6cbd92db86f4b18aec3ed561671858) Importer(2089858483,b0f066a214c2f5e87bad3c948f4d605d)
Start importing Assets/Settings/Mobile_RPAsset.asset using Guid(5e6cbd92db86f4b18aec3ed561671858) Importer(2089858483,b0f066a214c2f5e87bad3c948f4d605d) (ScriptedImporter) -> (artifact id: 'f60903882e5b0ca178ccd6cf73caff2f') in 0.042921 seconds
Number of updated asset objects reloaded before import = 0Number of asset objects unloaded after import = 2

========================================================================
Received Import Request.
  Time since last request: 0.000025 seconds.
  path: Assets/Readme.asset
  artifactKey: Guid(8105016687592461f977c054a80ce2f2) Importer(2089858483,b0f066a214c2f5e87bad3c948f4d605d)
Start importing Assets/Readme.asset using Guid(8105016687592461f977c054a80ce2f2) Importer(2089858483,b0f066a214c2f5e87bad3c948f4d605d) (ScriptedImporter) -> (artifact id: '889e090e947a93cdaceeb9dc0c1fa3ec') in 0.0045049 seconds
Number of updated asset objects reloaded before import = 0Number of asset objects unloaded after import = 2

========================================================================
Received Import Request.
  Time since last request: 126.757334 seconds.
  path: Assets/Course Library/_Source_Files/FBX/SM_Icon_SelectionRing_03.fbx
  artifactKey: Guid(64f14742378b85b4ba87441822264580) Importer(2089858483,b0f066a214c2f5e87bad3c948f4d605d)
Start importing Assets/Course Library/_Source_Files/FBX/SM_Icon_SelectionRing_03.fbx using Guid(64f14742378b85b4ba87441822264580) Importer(2089858483,b0f066a214c2f5e87bad3c948f4d605d) (ScriptedImporter) -> (artifact id: '6a3559b56a57ea919cdfbe888e8881e5') in 0.0432437 seconds
Number of updated asset objects reloaded before import = 0Number of asset objects unloaded after import = 7

========================================================================
Received Import Request.
  Time since last request: 0.000029 seconds.
  path: Assets/Course Library/Pickups/Potion_01.prefab
  artifactKey: Guid(2f3e352268bf84b45acf0d56b0b89518) Importer(2089858483,b0f066a214c2f5e87bad3c948f4d605d)
Start importing Assets/Course Library/Pickups/Potion_01.prefab using Guid(2f3e352268bf84b45acf0d56b0b89518) Importer(2089858483,b0f066a214c2f5e87bad3c948f4d605d) (ScriptedImporter) -> (artifact id: 'f80829f1b1f0b0f45832e4e02fa60309') in 0.0058114 seconds
Number of updated asset objects reloaded before import = 0Number of asset objects unloaded after import = 8

========================================================================
Received Import Request.
  Time since last request: 0.000021 seconds.
  path: Assets/Course Library/_Source_Files/FBX/SI_PowerIcon.fbx
  artifactKey: Guid(44cb397c8b73c2f40bfa05c2199ffa2b) Importer(2089858483,b0f066a214c2f5e87bad3c948f4d605d)
Start importing Assets/Course Library/_Source_Files/FBX/SI_PowerIcon.fbx using Guid(44cb397c8b73c2f40bfa05c2199ffa2b) Importer(2089858483,b0f066a214c2f5e87bad3c948f4d605d) (ScriptedImporter) -> (artifact id: '40302bb15f41fdf2a2c4de2f2cec78b5') in 0.0096011 seconds
Number of updated asset objects reloaded before import = 0Number of asset objects unloaded after import = 7

========================================================================
Received Import Request.
  Time since last request: 0.000024 seconds.
  path: Assets/Course Library/_Source_Files/FBX/SM_Icon_Star_01.fbx
  artifactKey: Guid(f7ec8369cac1a7e4ab36747b35f91c24) Importer(2089858483,b0f066a214c2f5e87bad3c948f4d605d)
Start importing Assets/Course Library/_Source_Files/FBX/SM_Icon_Star_01.fbx using Guid(f7ec8369cac1a7e4ab36747b35f91c24) Importer(2089858483,b0f066a214c2f5e87bad3c948f4d605d) (ScriptedImporter) -> (artifact id: 'fa2f302c8fe2c42c755dd7b6af131afb') in 0.011162 seconds
Number of updated asset objects reloaded before import = 0Number of asset objects unloaded after import = 7

========================================================================
Received Import Request.
  Time since last request: 0.000034 seconds.
  path: Assets/Course Library/Textures/PolygonPrototype_Texture_Grid_Glass_01.png
  artifactKey: Guid(1432e62c10501d147a873c128326f711) Importer(2089858483,b0f066a214c2f5e87bad3c948f4d605d)
Start importing Assets/Course Library/Textures/PolygonPrototype_Texture_Grid_Glass_01.png using Guid(1432e62c10501d147a873c128326f711) Importer(2089858483,b0f066a214c2f5e87bad3c948f4d605d) (ScriptedImporter) -> (artifact id: '283412ccc808ec5fff71bbd4a8f05939') in 0.0448096 seconds
Number of updated asset objects reloaded before import = 0Number of asset objects unloaded after import = 1

========================================================================
Received Import Request.
  Time since last request: 0.000017 seconds.
  path: Assets/Course Library/_Source_Files/Materials/FX_Dust.mat
  artifactKey: Guid(cd97a4f0bfba00a46a4a29156f2a23bd) Importer(2089858483,b0f066a214c2f5e87bad3c948f4d605d)
Start importing Assets/Course Library/_Source_Files/Materials/FX_Dust.mat using Guid(cd97a4f0bfba00a46a4a29156f2a23bd) Importer(2089858483,b0f066a214c2f5e87bad3c948f4d605d) (ScriptedImporter) -> (artifact id: 'adbb34c3f458bd5828f1dc2d79eb88eb') in 0.0091606 seconds
Number of updated asset objects reloaded before import = 0Number of asset objects unloaded after import = 1

========================================================================
Received Import Request.
  Time since last request: 0.000014 seconds.
  path: Assets/Course Library/_Source_Files/FBX
  artifactKey: Guid(7b51721fc7cba7a47b1cb71184a00c32) Importer(2089858483,b0f066a214c2f5e87bad3c948f4d605d)
Start importing Assets/Course Library/_Source_Files/FBX using Guid(7b51721fc7cba7a47b1cb71184a00c32) Importer(2089858483,b0f066a214c2f5e87bad3c948f4d605d) (ScriptedImporter) -> (artifact id: 'fa6f5ca9a80a5f43232d3db9ec12b0fa') in 0.0029322 seconds
Number of updated asset objects reloaded before import = 0Number of asset objects unloaded after import = 1

========================================================================
Received Import Request.
  Time since last request: 0.000015 seconds.
  path: Assets/Course Library/Pickups/RepairIcon.prefab
  artifactKey: Guid(510349479745aac4b9209e9326e42601) Importer(2089858483,b0f066a214c2f5e87bad3c948f4d605d)
Start importing Assets/Course Library/Pickups/RepairIcon.prefab using Guid(510349479745aac4b9209e9326e42601) Importer(2089858483,b0f066a214c2f5e87bad3c948f4d605d) (ScriptedImporter) -> (artifact id: 'e0196c3fc7a50cd8618396e605202faf') in 0.0080761 seconds
Number of updated asset objects reloaded before import = 0Number of asset objects unloaded after import = 8

========================================================================
Received Import Request.
  Time since last request: 0.000015 seconds.
  path: Assets/Course Library/Textures/PolygonPrototype_Texture_Grid_01.png
  artifactKey: Guid(2a09470ada0c47849ad79d26363f8e4a) Importer(2089858483,b0f066a214c2f5e87bad3c948f4d605d)
Start importing Assets/Course Library/Textures/PolygonPrototype_Texture_Grid_01.png using Guid(2a09470ada0c47849ad79d26363f8e4a) Importer(2089858483,b0f066a214c2f5e87bad3c948f4d605d) (ScriptedImporter) -> (artifact id: 'f5621961d5efc47105bbb0510c9b1265') in 0.0075903 seconds
Number of updated asset objects reloaded before import = 0Number of asset objects unloaded after import = 1

========================================================================
Received Import Request.
  Time since last request: 0.000018 seconds.
  path: Assets/Course Library/Pickups/Gem_01.prefab
  artifactKey: Guid(9e928de923724f54ea836e735efdd8b6) Importer(2089858483,b0f066a214c2f5e87bad3c948f4d605d)
Start importing Assets/Course Library/Pickups/Gem_01.prefab using Guid(9e928de923724f54ea836e735efdd8b6) Importer(2089858483,b0f066a214c2f5e87bad3c948f4d605d) (ScriptedImporter) -> (artifact id: '3a1127b1edd36d1f7331277f4a093a21') in 0.0062801 seconds
Number of updated asset objects reloaded before import = 0Number of asset objects unloaded after import = 8

========================================================================
Received Import Request.
  Time since last request: 0.000021 seconds.
  path: Assets/Course Library/Powerup Indicators/SelectionRing_06.prefab
  artifactKey: Guid(11a653b9169986c4f9436a3002fb4516) Importer(2089858483,b0f066a214c2f5e87bad3c948f4d605d)
Start importing Assets/Course Library/Powerup Indicators/SelectionRing_06.prefab using Guid(11a653b9169986c4f9436a3002fb4516) Importer(2089858483,b0f066a214c2f5e87bad3c948f4d605d) (ScriptedImporter) -> (artifact id: '3df4b173407312932c36690167e2ee41') in 0.0070255 seconds
Number of updated asset objects reloaded before import = 0Number of asset objects unloaded after import = 8

========================================================================
Received Import Request.
  Time since last request: 0.000016 seconds.
  path: Assets/Course Library/Pickups/DollarSign.prefab
  artifactKey: Guid(a8a06204dcfa9784b86eba87c2e0a1a2) Importer(2089858483,b0f066a214c2f5e87bad3c948f4d605d)
Start importing Assets/Course Library/Pickups/DollarSign.prefab using Guid(a8a06204dcfa9784b86eba87c2e0a1a2) Importer(2089858483,b0f066a214c2f5e87bad3c948f4d605d) (ScriptedImporter) -> (artifact id: '7c1a803a01c317a88195ed3f6f9d4c20') in 0.0065116 seconds
Number of updated asset objects reloaded before import = 0Number of asset objects unloaded after import = 8

========================================================================
Received Import Request.
  Time since last request: 0.000015 seconds.
  path: Assets/Course Library/_Source_Files/Materials/SimpleIcons.mat
  artifactKey: Guid(9c0880e4cd8a8704e82b6940624b569a) Importer(2089858483,b0f066a214c2f5e87bad3c948f4d605d)
Start importing Assets/Course Library/_Source_Files/Materials/SimpleIcons.mat using Guid(9c0880e4cd8a8704e82b6940624b569a) Importer(2089858483,b0f066a214c2f5e87bad3c948f4d605d) (ScriptedImporter) -> (artifact id: '7e80657bb52d8f0658d1bab0ca8dd686') in 0.0149846 seconds
Number of updated asset objects reloaded before import = 0Number of asset objects unloaded after import = 3

========================================================================
Received Import Request.
  Time since last request: 0.000018 seconds.
  path: Assets/Course Library/_Source_Files/Materials/SimpleSky.mat
  artifactKey: Guid(e68f77e240a7f8643b5cc4253dc37516) Importer(2089858483,b0f066a214c2f5e87bad3c948f4d605d)
Start importing Assets/Course Library/_Source_Files/Materials/SimpleSky.mat using Guid(e68f77e240a7f8643b5cc4253dc37516) Importer(2089858483,b0f066a214c2f5e87bad3c948f4d605d) (ScriptedImporter) -> (artifact id: '34a3b3497134e2e21437125ac8f831a7') in 0.0046995 seconds
Number of updated asset objects reloaded before import = 0Number of asset objects unloaded after import = 2

========================================================================
Received Import Request.
  Time since last request: 0.000018 seconds.
  path: Assets/Course Library/_Source_Files/FBX/SI_Symbol_Dollar.fbx
  artifactKey: Guid(513d5f56c48761f4f9782bfff612af87) Importer(2089858483,b0f066a214c2f5e87bad3c948f4d605d)
Start importing Assets/Course Library/_Source_Files/FBX/SI_Symbol_Dollar.fbx using Guid(513d5f56c48761f4f9782bfff612af87) Importer(2089858483,b0f066a214c2f5e87bad3c948f4d605d) (ScriptedImporter) -> (artifact id: 'd212c7f7cbc7be0763ea9dff7abbcba7') in 0.0093365 seconds
Number of updated asset objects reloaded before import = 0Number of asset objects unloaded after import = 7

========================================================================
Received Import Request.
  Time since last request: 0.000021 seconds.
  path: Assets/Course Library/_Source_Files/FBX/SI_GoldCupIcon.fbx
  artifactKey: Guid(823dde28ac754a14380d87d04313647b) Importer(2089858483,b0f066a214c2f5e87bad3c948f4d605d)
Start importing Assets/Course Library/_Source_Files/FBX/SI_GoldCupIcon.fbx using Guid(823dde28ac754a14380d87d04313647b) Importer(2089858483,b0f066a214c2f5e87bad3c948f4d605d) (ScriptedImporter) -> (artifact id: '5bd5933d046c06bc583ac7609f0b511a') in 0.0069838 seconds
Number of updated asset objects reloaded before import = 0Number of asset objects unloaded after import = 7

========================================================================
Received Import Request.
  Time since last request: 0.000027 seconds.
  path: Assets/Course Library/Pickups/MultiplierIcon.prefab
  artifactKey: Guid(ceb1bef3d4abc9344b89436369737113) Importer(2089858483,b0f066a214c2f5e87bad3c948f4d605d)
Start importing Assets/Course Library/Pickups/MultiplierIcon.prefab using Guid(ceb1bef3d4abc9344b89436369737113) Importer(2089858483,b0f066a214c2f5e87bad3c948f4d605d) (ScriptedImporter) -> (artifact id: 'aef9b8f81d511679ba94e00b7119effc') in 0.005611 seconds
Number of updated asset objects reloaded before import = 0Number of asset objects unloaded after import = 8

========================================================================
Received Import Request.
  Time since last request: 0.000026 seconds.
  path: Assets/Course Library/Pickups/PowerIcon.prefab
  artifactKey: Guid(0782c4fdae5f1624ba26300a1dc7a0a7) Importer(2089858483,b0f066a214c2f5e87bad3c948f4d605d)
Start importing Assets/Course Library/Pickups/PowerIcon.prefab using Guid(0782c4fdae5f1624ba26300a1dc7a0a7) Importer(2089858483,b0f066a214c2f5e87bad3c948f4d605d) (ScriptedImporter) -> (artifact id: '27000b8091d25e280ce708d361cf1a3f') in 0.0051317 seconds
Number of updated asset objects reloaded before import = 0Number of asset objects unloaded after import = 8

========================================================================
Received Import Request.
  Time since last request: 0.000017 seconds.
  path: Assets/Course Library/_Source_Files/Textures/SimpleIcons_Texture.png
  artifactKey: Guid(3e3e7739c37f6df4a9ac958352bdd251) Importer(2089858483,b0f066a214c2f5e87bad3c948f4d605d)
Start importing Assets/Course Library/_Source_Files/Textures/SimpleIcons_Texture.png using Guid(3e3e7739c37f6df4a9ac958352bdd251) Importer(2089858483,b0f066a214c2f5e87bad3c948f4d605d) (ScriptedImporter) -> (artifact id: '586ae1057848feb9a065e3de87906ca6') in 0.0087456 seconds
Number of updated asset objects reloaded before import = 0Number of asset objects unloaded after import = 1

========================================================================
Received Import Request.
  Time since last request: 0.000020 seconds.
  path: Assets/Course Library/Powerup Indicators/Balloon_01.prefab
  artifactKey: Guid(5e5b016a0cd771740aae0b664476d77d) Importer(2089858483,b0f066a214c2f5e87bad3c948f4d605d)
Start importing Assets/Course Library/Powerup Indicators/Balloon_01.prefab using Guid(5e5b016a0cd771740aae0b664476d77d) Importer(2089858483,b0f066a214c2f5e87bad3c948f4d605d) (ScriptedImporter) -> (artifact id: '00e1b44376f66d243b24c92963b53d70') in 0.0076415 seconds
Number of updated asset objects reloaded before import = 0Number of asset objects unloaded after import = 8

========================================================================
Received Import Request.
  Time since last request: 0.000018 seconds.
  path: Assets/Course Library/Textures/PolygonPrototype_Texture_Grid_03.png
  artifactKey: Guid(86507321c175292409cc422c5e33d711) Importer(2089858483,b0f066a214c2f5e87bad3c948f4d605d)
Start importing Assets/Course Library/Textures/PolygonPrototype_Texture_Grid_03.png using Guid(86507321c175292409cc422c5e33d711) Importer(2089858483,b0f066a214c2f5e87bad3c948f4d605d) (ScriptedImporter) -> (artifact id: 'c3a18029da9a0c6298bf19bfa723456c') in 0.0078012 seconds
Number of updated asset objects reloaded before import = 0Number of asset objects unloaded after import = 1

========================================================================
Received Import Request.
  Time since last request: 0.000018 seconds.
  path: Assets/Course Library/_Source_Files/FBX/SkyDome.fbx
  artifactKey: Guid(1340630fb7a3267499177be33f281f05) Importer(2089858483,b0f066a214c2f5e87bad3c948f4d605d)
Start importing Assets/Course Library/_Source_Files/FBX/SkyDome.fbx using Guid(1340630fb7a3267499177be33f281f05) Importer(2089858483,b0f066a214c2f5e87bad3c948f4d605d) (ScriptedImporter) -> (artifact id: '0b6b47160bc4a941718900aaa0db3bc9') in 0.0136985 seconds
Number of updated asset objects reloaded before import = 0Number of asset objects unloaded after import = 26

========================================================================
Received Import Request.
  Time since last request: 0.000020 seconds.
  path: Assets/Course Library/_Source_Files/FBX/SM_Tile_Cube_FloatingIsland_01.fbx
  artifactKey: Guid(8654e43d5b3a28d4f821bc6203abdf26) Importer(2089858483,b0f066a214c2f5e87bad3c948f4d605d)
Start importing Assets/Course Library/_Source_Files/FBX/SM_Tile_Cube_FloatingIsland_01.fbx using Guid(8654e43d5b3a28d4f821bc6203abdf26) Importer(2089858483,b0f066a214c2f5e87bad3c948f4d605d) (ScriptedImporter) -> (artifact id: 'ead7f1ba5b6cf8f286a8c449f1da94c5') in 0.0075301 seconds
Number of updated asset objects reloaded before import = 0Number of asset objects unloaded after import = 7

========================================================================
Received Import Request.
  Time since last request: 0.000025 seconds.
  path: Assets/Course Library/Pickups/FireIcon.prefab
  artifactKey: Guid(18d064e59e399ac4ebf74eada94947af) Importer(2089858483,b0f066a214c2f5e87bad3c948f4d605d)
Start importing Assets/Course Library/Pickups/FireIcon.prefab using Guid(18d064e59e399ac4ebf74eada94947af) Importer(2089858483,b0f066a214c2f5e87bad3c948f4d605d) (ScriptedImporter) -> (artifact id: 'f5d9c50e9d3dd9dcaa20377e4f4f6e65') in 0.0077418 seconds
Number of updated asset objects reloaded before import = 0Number of asset objects unloaded after import = 8

========================================================================
Received Import Request.
  Time since last request: 0.000026 seconds.
  path: Assets/Course Library/Pickups
  artifactKey: Guid(164fecffc3f077d4c82dbf367a6267a5) Importer(2089858483,b0f066a214c2f5e87bad3c948f4d605d)
Start importing Assets/Course Library/Pickups using Guid(164fecffc3f077d4c82dbf367a6267a5) Importer(2089858483,b0f066a214c2f5e87bad3c948f4d605d) (ScriptedImporter) -> (artifact id: 'd0716d3ea35e29113f5a9421b7f58ce4') in 0.0026861 seconds
Number of updated asset objects reloaded before import = 0Number of asset objects unloaded after import = 1

========================================================================
Received Import Request.
  Time since last request: 0.000021 seconds.
  path: Assets/Course Library/Ground/Ground_Tile_Hex_FloatingIsland_01.prefab
  artifactKey: Guid(961be46ca9a355943ae3f65c47741bb0) Importer(2089858483,b0f066a214c2f5e87bad3c948f4d605d)
Start importing Assets/Course Library/Ground/Ground_Tile_Hex_FloatingIsland_01.prefab using Guid(961be46ca9a355943ae3f65c47741bb0) Importer(2089858483,b0f066a214c2f5e87bad3c948f4d605d) (ScriptedImporter) -> (artifact id: '7ec92238e4434b2455867c919f510576') in 0.0054776 seconds
Number of updated asset objects reloaded before import = 0Number of asset objects unloaded after import = 8

========================================================================
Received Import Request.
  Time since last request: 0.000017 seconds.
  path: Assets/Course Library/_Source_Files/FBX/SM_Icon_SelectionRing_06.fbx
  artifactKey: Guid(3d6b592f14dafe34c86b57060d33f7d2) Importer(2089858483,b0f066a214c2f5e87bad3c948f4d605d)
Start importing Assets/Course Library/_Source_Files/FBX/SM_Icon_SelectionRing_06.fbx using Guid(3d6b592f14dafe34c86b57060d33f7d2) Importer(2089858483,b0f066a214c2f5e87bad3c948f4d605d) (ScriptedImporter) -> (artifact id: '38516b561e21690474a98e1f2ba0dd4e') in 0.0091361 seconds
Number of updated asset objects reloaded before import = 0Number of asset objects unloaded after import = 7

========================================================================
Received Import Request.
  Time since last request: 0.000020 seconds.
  path: Assets/Course Library/_Source_Files/FBX/SM_Tile_Hex_FloatingIsland_01.fbx
  artifactKey: Guid(8878a37eb67ddac4ead51890a31d6a18) Importer(2089858483,b0f066a214c2f5e87bad3c948f4d605d)
Start importing Assets/Course Library/_Source_Files/FBX/SM_Tile_Hex_FloatingIsland_01.fbx using Guid(8878a37eb67ddac4ead51890a31d6a18) Importer(2089858483,b0f066a214c2f5e87bad3c948f4d605d) (ScriptedImporter) -> (artifact id: '5be0db8671e59f49ad9ac426b83475c8') in 0.0071578 seconds
Number of updated asset objects reloaded before import = 0Number of asset objects unloaded after import = 7

========================================================================
Received Import Request.
  Time since last request: 0.000016 seconds.
  path: Assets/Course Library/Pickups/Star_01.prefab
  artifactKey: Guid(7bc251a7285632341a306c70a8f1cfbe) Importer(2089858483,b0f066a214c2f5e87bad3c948f4d605d)
Start importing Assets/Course Library/Pickups/Star_01.prefab using Guid(7bc251a7285632341a306c70a8f1cfbe) Importer(2089858483,b0f066a214c2f5e87bad3c948f4d605d) (ScriptedImporter) -> (artifact id: '3c307cab3e81ce9c169755f331426257') in 0.0070162 seconds
Number of updated asset objects reloaded before import = 0Number of asset objects unloaded after import = 8

========================================================================
Received Import Request.
  Time since last request: 0.000015 seconds.
  path: Assets/Course Library/_Source_Files/FBX/SM_Icon_Balloon_01.fbx
  artifactKey: Guid(2b1600b8b48e3ac4c87e5d81a4153ab7) Importer(2089858483,b0f066a214c2f5e87bad3c948f4d605d)
Start importing Assets/Course Library/_Source_Files/FBX/SM_Icon_Balloon_01.fbx using Guid(2b1600b8b48e3ac4c87e5d81a4153ab7) Importer(2089858483,b0f066a214c2f5e87bad3c948f4d605d) (ScriptedImporter) -> (artifact id: 'a11008855597584731bab64c85de3db4') in 0.0083372 seconds
Number of updated asset objects reloaded before import = 0Number of asset objects unloaded after import = 7

========================================================================
Received Import Request.
  Time since last request: 0.000019 seconds.
  path: Assets/Course Library/Powerup Indicators/SelectionRing_02.prefab
  artifactKey: Guid(923deea38dc6a8843b15db7638919c1e) Importer(2089858483,b0f066a214c2f5e87bad3c948f4d605d)
Start importing Assets/Course Library/Powerup Indicators/SelectionRing_02.prefab using Guid(923deea38dc6a8843b15db7638919c1e) Importer(2089858483,b0f066a214c2f5e87bad3c948f4d605d) (ScriptedImporter) -> (artifact id: 'e26ea69e3a626b6361b2c545d77eea61') in 0.0057208 seconds
Number of updated asset objects reloaded before import = 0Number of asset objects unloaded after import = 8

========================================================================
Received Import Request.
  Time since last request: 0.000026 seconds.
  path: Assets/Course Library/Textures/PolygonPrototype_Texture_Grid_06.png
  artifactKey: Guid(bbc54c0e722a346408cd09eef6dc0cd6) Importer(2089858483,b0f066a214c2f5e87bad3c948f4d605d)
Start importing Assets/Course Library/Textures/PolygonPrototype_Texture_Grid_06.png using Guid(bbc54c0e722a346408cd09eef6dc0cd6) Importer(2089858483,b0f066a214c2f5e87bad3c948f4d605d) (ScriptedImporter) -> (artifact id: 'b8850718e94393100ea5fbba7a857149') in 0.0059046 seconds
Number of updated asset objects reloaded before import = 0Number of asset objects unloaded after import = 1

========================================================================
Received Import Request.
  Time since last request: 0.000014 seconds.
  path: Assets/Course Library/_Source_Files/FBX/SM_Icon_Potion_02.fbx
  artifactKey: Guid(bbe7d787b124aa64481203efb7463c45) Importer(2089858483,b0f066a214c2f5e87bad3c948f4d605d)
Start importing Assets/Course Library/_Source_Files/FBX/SM_Icon_Potion_02.fbx using Guid(bbe7d787b124aa64481203efb7463c45) Importer(2089858483,b0f066a214c2f5e87bad3c948f4d605d) (ScriptedImporter) -> (artifact id: '4d4fa2623e86c221d1af62f4844fa0c2') in 0.0080732 seconds
Number of updated asset objects reloaded before import = 0Number of asset objects unloaded after import = 7

========================================================================
Received Import Request.
  Time since last request: 0.000015 seconds.
  path: Assets/Course Library/Ground
  artifactKey: Guid(efafaf37aee603d4c84285f594a32b00) Importer(2089858483,b0f066a214c2f5e87bad3c948f4d605d)
Start importing Assets/Course Library/Ground using Guid(efafaf37aee603d4c84285f594a32b00) Importer(2089858483,b0f066a214c2f5e87bad3c948f4d605d) (ScriptedImporter) -> (artifact id: 'b02c7a2b364fe990dc30669c35b6e4f1') in 0.0033014 seconds
Number of updated asset objects reloaded before import = 0Number of asset objects unloaded after import = 1

Editor requested this worker to shutdown with reason: Scaling down because of idle timeout
AssetImportWorker is now disconnected from the server
Process exiting
Exiting without the bug reporter. Application will terminate with return code 0