[Licensing::Module] Trying to connect to existing licensing client channel...
Built from '6000.3/staging' branch; Version is '6000.3.2f1 (a9779f353c9b) revision 11106207'; Using compiler version '194234433'; Build Type 'Release'
OS: 'Windows 10  (10.0.19045) 64bit Professional' Language: 'en' Physical Memory: 16265 MB
[Licensing::IpcConnector] Successfully connected to: "LicenseClient-User" at "2026-01-26T06:58:09.2406917Z"
BatchMode: 1, IsHumanControllingUs: 0, StartBugReporterOnCrash: 0, Is64bit: 1
Date: 2026-01-26T06:58:09Z

COMMAND LINE ARGUMENTS:
C:\Program Files\Unity\Hub\Editor\6000.3.2f1\Editor\Unity.exe
-adb2
-batchMode
-noUpm
-name
AssetImportWorker0
-projectPath
D:/Unity_Projects/Junior_Programming/Icederman/Counting Prototype
-logFile
Logs/AssetImportWorker0.log
-srvPort
56659
-licensingIpc
LicenseClient-User
-force-d3d11
-job-worker-count
7
-background-job-worker-count
8
-gc-helper-count
1
-name
AssetImport
Successfully changed project path to: D:/Unity_Projects/Junior_Programming/Icederman/Counting Prototype
D:/Unity_Projects/Junior_Programming/Icederman/Counting Prototype
[UnityMemory] Configuration Parameters - Can be set up in boot.config
    "memorysetup-temp-allocator-size-nav-mesh-worker=65536"
    "memorysetup-temp-allocator-size-audio-worker=65536"
    "memorysetup-temp-allocator-size-gfx=262144"
    "memorysetup-allocator-temp-initial-block-size-main=262144"
    "memorysetup-allocator-temp-initial-block-size-worker=262144"
    "memorysetup-temp-allocator-size-background-worker=32768"
    "memorysetup-temp-allocator-size-job-worker=262144"
    "memorysetup-temp-allocator-size-preload-manager=33554432"
    "memorysetup-temp-allocator-size-gi-baking-worker=262144"
    "memorysetup-temp-allocator-size-gi-baking-worker=262144"
    "memorysetup-temp-allocator-size-gi-baking-worker=262144"
    "memorysetup-temp-allocator-size-gi-baking-worker=262144"
    "memorysetup-temp-allocator-size-gi-baking-worker=262144"
    "memorysetup-bucket-allocator-granularity=16"
    "memorysetup-bucket-allocator-bucket-count=8"
    "memorysetup-bucket-allocator-block-size=33554432"
    "memorysetup-bucket-allocator-block-count=8"
    "memorysetup-main-allocator-block-size=16777216"
    "memorysetup-thread-allocator-block-size=16777216"
    "memorysetup-gfx-main-allocator-block-size=16777216"
    "memorysetup-gfx-thread-allocator-block-size=16777216"
    "memorysetup-cache-allocator-block-size=4194304"
    "memorysetup-typetree-allocator-block-size=2097152"
    "memorysetup-profiler-bucket-allocator-granularity=16"
    "memorysetup-profiler-bucket-allocator-bucket-count=8"
    "memorysetup-profiler-bucket-allocator-block-size=33554432"
    "memorysetup-profiler-bucket-allocator-block-count=8"
    "memorysetup-profiler-allocator-block-size=16777216"
    "memorysetup-profiler-editor-allocator-block-size=1048576"
    "memorysetup-temp-allocator-size-main=16777216"
    "memorysetup-job-temp-allocator-block-size=2097152"
    "memorysetup-job-temp-allocator-block-size-background=1048576"
    "memorysetup-job-temp-allocator-reduction-small-platforms=262144"
    "memorysetup-temp-allocator-size-cloud-worker=32768"
Player connection [1316]  Target information:

Player connection [1316]  * "[IP] 26.214.248.202 [Port] 0 [Flags] 2 [Guid] 358224582 [EditorId] 358224582 [Version] 1048832 [Id] WindowsEditor(7,DESKTOP-5903S8A) [Debug] 1 [PackageName] WindowsEditor [ProjectName] Editor" 

Player connection [1316]  * "[IP] 192.168.0.103 [Port] 0 [Flags] 2 [Guid] 358224582 [EditorId] 358224582 [Version] 1048832 [Id] WindowsEditor(7,DESKTOP-5903S8A) [Debug] 1 [PackageName] WindowsEditor [ProjectName] Editor" 

Player connection [1316] Host joined multi-casting on [225.0.0.222:54997]...
Player connection [1316] Host joined alternative multi-casting on [225.0.0.222:34997]...
JobSystem: Creating JobQueue using job-worker-count value 7
Input System module state changed to: Initialized.
[Physics::Module] Initialized fallback backend.
[Physics::Module] Id: 0xdecafbad
Library Redirect Path: Library/
[Physics::Module] Selected backend.
[Physics::Module] Name: PhysX
[Physics::Module] Id: 0xf2b8ea05
[Physics::Module] SDK Version: 4.1.2
[Physics::Module] Integration Version: 1.0.0
[Physics::Module] Threading Mode: Multi-Threaded
Refreshing native plugins compatible for Editor in 1.40 ms, found 3 plugins.
Preloading 0 native plugins for Editor in 0.00 ms.
Initialize engine version: 6000.3.2f1 (a9779f353c9b)
[Subsystems] Discovering subsystems at path C:/Program Files/Unity/Hub/Editor/6000.3.2f1/Editor/Data/Resources/UnitySubsystems
[Subsystems] Discovering subsystems at path D:/Unity_Projects/Junior_Programming/Icederman/Counting Prototype/Assets
Forcing GfxDevice: Direct3D 11
GfxDevice: creating device client; kGfxThreadingModeNonThreaded
Direct3D:
    Version:  Direct3D 11.0 [level 11.1]
    Renderer: NVIDIA GeForce RTX 4070 (ID=0x2786)
    Vendor:   NVIDIA
    VRAM:     12012 MB
    Driver:   32.0.15.9144
Initialize mono
Mono path[0] = 'C:/Program Files/Unity/Hub/Editor/6000.3.2f1/Editor/Data/Managed'
Mono path[1] = 'C:/Program Files/Unity/Hub/Editor/6000.3.2f1/Editor/Data/MonoBleedingEdge/lib/mono/unityjit-win32'
Mono config path = 'C:/Program Files/Unity/Hub/Editor/6000.3.2f1/Editor/Data/MonoBleedingEdge/etc'
Using monoOptions --debugger-agent=transport=dt_socket,embedding=1,server=y,suspend=n,address=127.0.0.1:56576
Begin MonoManager ReloadAssembly
Registering precompiled unity dll's ...
Register platform support module: C:/Program Files/Unity/Hub/Editor/6000.3.2f1/Editor/Data/PlaybackEngines/WebGLSupport/UnityEditor.WebGL.Extensions.dll
Register platform support module: C:/Program Files/Unity/Hub/Editor/6000.3.2f1/Editor/Data/PlaybackEngines/WindowsStandaloneSupport/UnityEditor.WindowsStandalone.Extensions.dll
[Licensing::Module] Licensing is not yet initialized.
[Licensing::Client] Handshaking with LicensingClient:
  Version:                 1.17.4+4293ba1
  Session Id:              16bb240a215b4e48aea76c7feecdcbf5
  Correlation Id:          aa31401ff863f3e220a9daf0948a23a9
  External correlation Id: 3794713490827375420
  Machine Id:              2AJcMo1LzrzMsosSasXteuhVFkA=
[Licensing::Module] Successfully connected to LicensingClient on channel: "LicenseClient-User" (connect: 0.00s, validation: 0.00s, handshake: 1.08s)
[Licensing::IpcConnector] Successfully connected to: "LicenseClient-User-notifications" at "2026-01-26T06:58:10.3248941Z"
[Licensing::Module] Licensing Background thread has ended after 1.08s
[Licensing::Module] Licensing is initialized (took 0.19s).
[Licensing::Client] Successfully resolved entitlement details
[Licensing::Module] License group:
  Id: 18967899365010-UnityPersXXXX
  Product: Unity Personal
  Type: Assigned
  Expiration: Unlimited
Register platform support module: C:/Program Files/Unity/Hub/Editor/6000.3.2f1/Editor/Data/PlaybackEngines/MetroSupport/UnityEditor.UWP.Extensions.dll
[Licensing::Client] Successfully resolved entitlement details
Register platform support module: C:/Program Files/Unity/Hub/Editor/6000.3.2f1/Editor/Data/PlaybackEngines/AndroidPlayer/UnityEditor.Android.Extensions.dll
[Licensing::Client] Successfully resolved entitlement details
Register platform support module: C:/Program Files/Unity/Hub/Editor/6000.3.2f1/Editor/Data/PlaybackEngines/iOSSupport/UnityEditor.iOS.Extensions.dll
Registered in 0.192614 seconds.
- Loaded All Assemblies, in  0.624 seconds
[usbmuxd] Start listen thread
[usbmuxd] Listen thread started
Native extension for iOS target not found
Native extension for Android target not found
Android Extension - Scanning For ADB Devices 391 ms
Native extension for UWP target not found
Native extension for WindowsStandalone target not found
Native extension for WebGL target not found
Mono: successfully reloaded assembly
- Finished resetting the current domain, in  0.845 seconds
Domain Reload Profiling: 1468ms
	BeginReloadAssembly (154ms)
		ExecutionOrderSort (0ms)
		DisableScriptedObjects (0ms)
		BackupInstance (0ms)
		ReleaseScriptingObjects (0ms)
		CreateAndSetChildDomain (1ms)
	RebuildCommonClasses (45ms)
	RebuildNativeTypeToScriptingClass (14ms)
	initialDomainReloadingComplete (237ms)
	LoadAllAssembliesAndSetupDomain (172ms)
		LoadAssemblies (154ms)
		RebuildTransferFunctionScriptingTraits (0ms)
		AnalyzeDomain (169ms)
			TypeCache.Refresh (167ms)
				TypeCache.ScanAssembly (154ms)
			BuildScriptInfoCaches (0ms)
			ResolveRequiredComponents (0ms)
	FinalizeReload (845ms)
		ReleaseScriptCaches (0ms)
		RebuildScriptCaches (0ms)
		SetupLoadedEditorAssemblies (813ms)
			LogAssemblyErrors (0ms)
			InitializePlatformSupportModulesInManaged (481ms)
			SetLoadedEditorAssemblies (4ms)
			BeforeProcessingInitializeOnLoad (81ms)
			ProcessInitializeOnLoadAttributes (178ms)
			ProcessInitializeOnLoadMethodAttributes (69ms)
			AfterProcessingInitializeOnLoad (0ms)
			EditorAssembliesLoaded (0ms)
		ExecutionOrderSort2 (0ms)
		AwakeInstancesAfterBackupRestoration (0ms)
========================================================================
Worker process is ready to serve import requests
Import Worker Mode flag is 0x00
Begin MonoManager ReloadAssembly
[Licensing::Client] Successfully resolved entitlement details
- Loaded All Assemblies, in  0.749 seconds
Refreshing native plugins compatible for Editor in 0.42 ms, found 3 plugins.
Native extension for iOS target not found
Native extension for Android target not found
Native extension for UWP target not found
Native extension for WindowsStandalone target not found
Native extension for WebGL target not found
Package Manager log level set to [2]
[Package Manager] Failed to launch server process. Reason: Unity was launched with the -noUpm command-line argument
[Package Manager] Unable to send message (not connected to server process).
[Package Manager] Cannot connect to Unity Package Manager local server
Mono: successfully reloaded assembly
- Finished resetting the current domain, in  0.729 seconds
Domain Reload Profiling: 1476ms
	BeginReloadAssembly (176ms)
		ExecutionOrderSort (0ms)
		DisableScriptedObjects (5ms)
		BackupInstance (0ms)
		ReleaseScriptingObjects (0ms)
		CreateAndSetChildDomain (32ms)
	RebuildCommonClasses (36ms)
	RebuildNativeTypeToScriptingClass (13ms)
	initialDomainReloadingComplete (32ms)
	LoadAllAssembliesAndSetupDomain (490ms)
		LoadAssemblies (310ms)
		RebuildTransferFunctionScriptingTraits (0ms)
		AnalyzeDomain (265ms)
			TypeCache.Refresh (197ms)
				TypeCache.ScanAssembly (180ms)
			BuildScriptInfoCaches (50ms)
			ResolveRequiredComponents (14ms)
	FinalizeReload (729ms)
		ReleaseScriptCaches (0ms)
		RebuildScriptCaches (0ms)
		SetupLoadedEditorAssemblies (532ms)
			LogAssemblyErrors (0ms)
			InitializePlatformSupportModulesInManaged (11ms)
			SetLoadedEditorAssemblies (4ms)
			BeforeProcessingInitializeOnLoad (139ms)
			ProcessInitializeOnLoadAttributes (316ms)
			ProcessInitializeOnLoadMethodAttributes (59ms)
			AfterProcessingInitializeOnLoad (3ms)
			EditorAssembliesLoaded (0ms)
		ExecutionOrderSort2 (0ms)
		AwakeInstancesAfterBackupRestoration (6ms)
Launched and connected shader compiler UnityShaderCompiler.exe after 0.03 seconds
Refreshing native plugins compatible for Editor in 0.71 ms, found 3 plugins.
Preloading 0 native plugins for Editor in 0.00 ms.
Unloading 16 Unused Serialized files (Serialized files now loaded: 0)
Unloading 6190 unused Assets / (4.9 MB). Loaded Objects now: 7007.
Memory consumption went from 147.5 MB to 142.6 MB.
Total: 12.366700 ms (FindLiveObjects: 0.748200 ms CreateObjectMapping: 0.725800 ms MarkObjects: 7.730600 ms  DeleteObjects: 3.160300 ms)

========================================================================
Received Import Request.
  Time since last request: 131037.196329 seconds.
  path: Assets/Skyden_Games/Low Poly Environment/Prefabs/House 1 .prefab
  artifactKey: Guid(e8fb688e99fc28743b38328efa46316d) Importer(2089858483,b0f066a214c2f5e87bad3c948f4d605d)
Start importing Assets/Skyden_Games/Low Poly Environment/Prefabs/House 1 .prefab using Guid(e8fb688e99fc28743b38328efa46316d) Importer(2089858483,b0f066a214c2f5e87bad3c948f4d605d) (ScriptedImporter) -> (artifact id: '4962d129bd0842280f9e655bf08f4c6b') in 0.1396502 seconds
Number of updated asset objects reloaded before import = 0Number of asset objects unloaded after import = 9

========================================================================
Received Import Request.
  Time since last request: 0.000016 seconds.
  path: Assets/Skyden_Games/Low Poly Environment/Prefabs/Cliff 5.prefab
  artifactKey: Guid(fb32323cc91379744b1eaaff0b6908a2) Importer(2089858483,b0f066a214c2f5e87bad3c948f4d605d)
Start importing Assets/Skyden_Games/Low Poly Environment/Prefabs/Cliff 5.prefab using Guid(fb32323cc91379744b1eaaff0b6908a2) Importer(2089858483,b0f066a214c2f5e87bad3c948f4d605d) (ScriptedImporter) -> (artifact id: 'a5d115c5a815101ae5b8a2cdf887f05d') in 0.0245815 seconds
Number of updated asset objects reloaded before import = 0Number of asset objects unloaded after import = 9

========================================================================
Received Import Request.
  Time since last request: 0.000027 seconds.
  path: Assets/Skyden_Games/Low Poly Environment/Prefabs/Car 2 .prefab
  artifactKey: Guid(097f938ab30dad44eb0996f9121199a9) Importer(2089858483,b0f066a214c2f5e87bad3c948f4d605d)
Start importing Assets/Skyden_Games/Low Poly Environment/Prefabs/Car 2 .prefab using Guid(097f938ab30dad44eb0996f9121199a9) Importer(2089858483,b0f066a214c2f5e87bad3c948f4d605d) (ScriptedImporter) -> (artifact id: '91e832045edded1c88c82499acbe8c3c') in 0.0272408 seconds
Number of updated asset objects reloaded before import = 0Number of asset objects unloaded after import = 9

========================================================================
Received Import Request.
  Time since last request: 0.000015 seconds.
  path: Assets/Skyden_Games/Low Poly Environment/Low Poly Environment.fbx
  artifactKey: Guid(593d4f7dc5f444843b2b02f101b56b8c) Importer(2089858483,b0f066a214c2f5e87bad3c948f4d605d)
Start importing Assets/Skyden_Games/Low Poly Environment/Low Poly Environment.fbx using Guid(593d4f7dc5f444843b2b02f101b56b8c) Importer(2089858483,b0f066a214c2f5e87bad3c948f4d605d) (ScriptedImporter) -> (artifact id: '28db4499bbae4ec5a00d01b3435e0ee8') in 0.058937 seconds
Number of updated asset objects reloaded before import = 0Number of asset objects unloaded after import = 254

========================================================================
Received Import Request.
  Time since last request: 0.000027 seconds.
  path: Assets/Skyden_Games
  artifactKey: Guid(ea7269faa801f974088d6501c8364275) Importer(2089858483,b0f066a214c2f5e87bad3c948f4d605d)
Start importing Assets/Skyden_Games using Guid(ea7269faa801f974088d6501c8364275) Importer(2089858483,b0f066a214c2f5e87bad3c948f4d605d) (ScriptedImporter) -> (artifact id: 'd3eafc87349f7c2a1ced8b696394cded') in 0.0026848 seconds
Number of updated asset objects reloaded before import = 0Number of asset objects unloaded after import = 1

========================================================================
Received Import Request.
  Time since last request: 0.000014 seconds.
  path: Assets/Skyden_Games/Low Poly Environment/Prefabs/Cliff 2.prefab
  artifactKey: Guid(fa9b3057ee026bb41a40d9f7eabfef7c) Importer(2089858483,b0f066a214c2f5e87bad3c948f4d605d)
Start importing Assets/Skyden_Games/Low Poly Environment/Prefabs/Cliff 2.prefab using Guid(fa9b3057ee026bb41a40d9f7eabfef7c) Importer(2089858483,b0f066a214c2f5e87bad3c948f4d605d) (ScriptedImporter) -> (artifact id: '17cfcc12f568ca8daa53f6d38b0bfbea') in 0.0330279 seconds
Number of updated asset objects reloaded before import = 0Number of asset objects unloaded after import = 9

========================================================================
Received Import Request.
  Time since last request: 0.000049 seconds.
  path: Assets/Skyden_Games/Low Poly Environment/Prefabs/Rock 3 .prefab
  artifactKey: Guid(746f3ea53dc15cd46a8e5db5f10005f9) Importer(2089858483,b0f066a214c2f5e87bad3c948f4d605d)
Start importing Assets/Skyden_Games/Low Poly Environment/Prefabs/Rock 3 .prefab using Guid(746f3ea53dc15cd46a8e5db5f10005f9) Importer(2089858483,b0f066a214c2f5e87bad3c948f4d605d) (ScriptedImporter) -> (artifact id: '9e414aa0cc810c6a071013f5775c838e') in 0.0228159 seconds
Number of updated asset objects reloaded before import = 0Number of asset objects unloaded after import = 9

========================================================================
Received Import Request.
  Time since last request: 0.000046 seconds.
  path: Assets/Skyden_Games/Low Poly Environment/Prefabs/House 4 .prefab
  artifactKey: Guid(86c532249aeb12a489aaae9562a6bb08) Importer(2089858483,b0f066a214c2f5e87bad3c948f4d605d)
Start importing Assets/Skyden_Games/Low Poly Environment/Prefabs/House 4 .prefab using Guid(86c532249aeb12a489aaae9562a6bb08) Importer(2089858483,b0f066a214c2f5e87bad3c948f4d605d) (ScriptedImporter) -> (artifact id: '8fd1910708f58453ec978ec44878999a') in 0.0175721 seconds
Number of updated asset objects reloaded before import = 0Number of asset objects unloaded after import = 9

========================================================================
Received Import Request.
  Time since last request: 0.000014 seconds.
  path: Assets/Skyden_Games/Low Poly Environment/Prefabs/Fence04.prefab
  artifactKey: Guid(fb18495b370df3b458558ddbb489699d) Importer(2089858483,b0f066a214c2f5e87bad3c948f4d605d)
Start importing Assets/Skyden_Games/Low Poly Environment/Prefabs/Fence04.prefab using Guid(fb18495b370df3b458558ddbb489699d) Importer(2089858483,b0f066a214c2f5e87bad3c948f4d605d) (ScriptedImporter) -> (artifact id: '34fa9f9de63d6326c7858f9f7273b126') in 0.0413017 seconds
Number of updated asset objects reloaded before import = 0Number of asset objects unloaded after import = 9

========================================================================
Received Import Request.
  Time since last request: 0.000014 seconds.
  path: Assets/Skyden_Games/Low Poly Environment/Scenes
  artifactKey: Guid(d5cc2974092dbac4f921152e85892cd5) Importer(2089858483,b0f066a214c2f5e87bad3c948f4d605d)
Start importing Assets/Skyden_Games/Low Poly Environment/Scenes using Guid(d5cc2974092dbac4f921152e85892cd5) Importer(2089858483,b0f066a214c2f5e87bad3c948f4d605d) (ScriptedImporter) -> (artifact id: 'f7066770160229654e376103e9f21887') in 0.0027412 seconds
Number of updated asset objects reloaded before import = 0Number of asset objects unloaded after import = 1

========================================================================
Received Import Request.
  Time since last request: 0.000015 seconds.
  path: Assets/Skyden_Games/Low Poly Environment/Prefabs/Car 3 .prefab
  artifactKey: Guid(7de8886ae0ce24341aa407c8e3ec460a) Importer(2089858483,b0f066a214c2f5e87bad3c948f4d605d)
Start importing Assets/Skyden_Games/Low Poly Environment/Prefabs/Car 3 .prefab using Guid(7de8886ae0ce24341aa407c8e3ec460a) Importer(2089858483,b0f066a214c2f5e87bad3c948f4d605d) (ScriptedImporter) -> (artifact id: '6d8213aae845e6aee2a9a9cf6812a8a7') in 0.01276 seconds
Number of updated asset objects reloaded before import = 0Number of asset objects unloaded after import = 9

========================================================================
Received Import Request.
  Time since last request: 0.000014 seconds.
  path: Assets/Skyden_Games/Low Poly Environment/Textures/Colors_Mat.mat
  artifactKey: Guid(4f2e6c00c35c1d94abf15453d511cadc) Importer(2089858483,b0f066a214c2f5e87bad3c948f4d605d)
Start importing Assets/Skyden_Games/Low Poly Environment/Textures/Colors_Mat.mat using Guid(4f2e6c00c35c1d94abf15453d511cadc) Importer(2089858483,b0f066a214c2f5e87bad3c948f4d605d) (ScriptedImporter) -> (artifact id: '5eef53cf4be0d404635d81729fdae2d2') in 0.0225497 seconds
Number of updated asset objects reloaded before import = 0Number of asset objects unloaded after import = 2

========================================================================
Received Import Request.
  Time since last request: 0.000016 seconds.
  path: Assets/Skyden_Games/Low Poly Environment/Prefabs/Warehouse01.prefab
  artifactKey: Guid(eaa6dd1ffb96c124fbd198ee4d6f4296) Importer(2089858483,b0f066a214c2f5e87bad3c948f4d605d)
Start importing Assets/Skyden_Games/Low Poly Environment/Prefabs/Warehouse01.prefab using Guid(eaa6dd1ffb96c124fbd198ee4d6f4296) Importer(2089858483,b0f066a214c2f5e87bad3c948f4d605d) (ScriptedImporter) -> (artifact id: '714ec02cfa5010ed0b27dfb8f5a03675') in 0.0185861 seconds
Number of updated asset objects reloaded before import = 0Number of asset objects unloaded after import = 9

========================================================================
Received Import Request.
  Time since last request: 0.000028 seconds.
  path: Assets/Skyden_Games/Low Poly Environment/Prefabs/Fence01.prefab
  artifactKey: Guid(2232ad4df7763454d93e3d9dc99bc3bb) Importer(2089858483,b0f066a214c2f5e87bad3c948f4d605d)
Start importing Assets/Skyden_Games/Low Poly Environment/Prefabs/Fence01.prefab using Guid(2232ad4df7763454d93e3d9dc99bc3bb) Importer(2089858483,b0f066a214c2f5e87bad3c948f4d605d) (ScriptedImporter) -> (artifact id: '7db7f044bef4442b76a9e0c1ad1efee2') in 0.0476215 seconds
Number of updated asset objects reloaded before import = 0Number of asset objects unloaded after import = 9

========================================================================
Received Import Request.
  Time since last request: 0.000016 seconds.
  path: Assets/Skyden_Games/Low Poly Environment/Prefabs/House 2 .prefab
  artifactKey: Guid(e9f5963fc4a61ee4b93518a6c6748831) Importer(2089858483,b0f066a214c2f5e87bad3c948f4d605d)
Start importing Assets/Skyden_Games/Low Poly Environment/Prefabs/House 2 .prefab using Guid(e9f5963fc4a61ee4b93518a6c6748831) Importer(2089858483,b0f066a214c2f5e87bad3c948f4d605d) (ScriptedImporter) -> (artifact id: 'd31965c538f7d34e813c9d9521c08096') in 0.0216568 seconds
Number of updated asset objects reloaded before import = 0Number of asset objects unloaded after import = 9

========================================================================
Received Import Request.
  Time since last request: 0.000016 seconds.
  path: Assets/Skyden_Games/Low Poly Environment/Prefabs/Tent 1 .prefab
  artifactKey: Guid(5974c30bdf0a2ee468a0feda7607d4a3) Importer(2089858483,b0f066a214c2f5e87bad3c948f4d605d)
Start importing Assets/Skyden_Games/Low Poly Environment/Prefabs/Tent 1 .prefab using Guid(5974c30bdf0a2ee468a0feda7607d4a3) Importer(2089858483,b0f066a214c2f5e87bad3c948f4d605d) (ScriptedImporter) -> (artifact id: 'f0b73b23a16561297f0aa915e052872c') in 0.0166481 seconds
Number of updated asset objects reloaded before import = 0Number of asset objects unloaded after import = 9

========================================================================
Received Import Request.
  Time since last request: 0.000021 seconds.
  path: Assets/Skyden_Games/Low Poly Environment/Prefabs/Cart01.prefab
  artifactKey: Guid(71b738498a3706c488ede0cd9ffd4e93) Importer(2089858483,b0f066a214c2f5e87bad3c948f4d605d)
Start importing Assets/Skyden_Games/Low Poly Environment/Prefabs/Cart01.prefab using Guid(71b738498a3706c488ede0cd9ffd4e93) Importer(2089858483,b0f066a214c2f5e87bad3c948f4d605d) (ScriptedImporter) -> (artifact id: '8d694c7b914df7b28c5ef5c5f2dc6acc') in 0.0324313 seconds
Number of updated asset objects reloaded before import = 0Number of asset objects unloaded after import = 9

========================================================================
Received Import Request.
  Time since last request: 0.000017 seconds.
  path: Assets/Skyden_Games/Low Poly Environment/Prefabs/Lake.prefab
  artifactKey: Guid(593e0e180426ce14fa1e7f97fe769bc0) Importer(2089858483,b0f066a214c2f5e87bad3c948f4d605d)
Start importing Assets/Skyden_Games/Low Poly Environment/Prefabs/Lake.prefab using Guid(593e0e180426ce14fa1e7f97fe769bc0) Importer(2089858483,b0f066a214c2f5e87bad3c948f4d605d) (ScriptedImporter) -> (artifact id: '7b131fe4c1cb6b8c2a3f06984befb49b') in 0.0201393 seconds
Number of updated asset objects reloaded before import = 0Number of asset objects unloaded after import = 9

Editor requested this worker to shutdown with reason: Scaling down because of idle timeout
AssetImportWorker is now disconnected from the server
Process exiting
Exiting without the bug reporter. Application will terminate with return code 0